{"/Users/mariesewell/spring25/cs4600/sessionapp/backend/src/server.js": {"path":"/Users/mariesewell/spring25/cs4600/sessionapp/backend/src/server.js","statementMap":{"0":{"start":{"line":1,"column":16},"end":{"line":1,"column":34}},"1":{"start":{"line":2,"column":0},"end":{"line":2,"column":27}},"2":{"start":{"line":3,"column":13},"end":{"line":3,"column":28}},"3":{"start":{"line":4,"column":33},"end":{"line":4,"column":61}},"4":{"start":{"line":6,"column":11},"end":{"line":6,"column":30}},"5":{"start":{"line":8,"column":19},"end":{"line":8,"column":41}},"6":{"start":{"line":9,"column":19},"end":{"line":9,"column":44}},"7":{"start":{"line":10,"column":22},"end":{"line":10,"column":50}},"8":{"start":{"line":11,"column":20},"end":{"line":11,"column":46}},"9":{"start":{"line":12,"column":24},"end":{"line":12,"column":54}},"10":{"start":{"line":14,"column":12},"end":{"line":14,"column":21}},"11":{"start":{"line":15,"column":13},"end":{"line":15,"column":37}},"12":{"start":{"line":18,"column":0},"end":{"line":18,"column":81}},"13":{"start":{"line":22,"column":0},"end":{"line":22,"column":24}},"14":{"start":{"line":23,"column":0},"end":{"line":23,"column":34}},"15":{"start":{"line":24,"column":0},"end":{"line":24,"column":40}},"16":{"start":{"line":25,"column":0},"end":{"line":25,"column":36}},"17":{"start":{"line":26,"column":0},"end":{"line":26,"column":44}},"18":{"start":{"line":29,"column":0},"end":{"line":36,"column":5}},"19":{"start":{"line":30,"column":2},"end":{"line":35,"column":3}},"20":{"start":{"line":31,"column":4},"end":{"line":31,"column":22}},"21":{"start":{"line":32,"column":4},"end":{"line":32,"column":38}},"22":{"start":{"line":34,"column":4},"end":{"line":34,"column":56}},"23":{"start":{"line":38,"column":13},"end":{"line":38,"column":28}},"24":{"start":{"line":39,"column":15},"end":{"line":39,"column":37}},"25":{"start":{"line":41,"column":0},"end":{"line":43,"column":3}},"26":{"start":{"line":42,"column":2},"end":{"line":42,"column":51}},"27":{"start":{"line":45,"column":0},"end":{"line":45,"column":24}}},"fnMap":{"0":{"name":"(anonymous_0)","decl":{"start":{"line":29,"column":1},"end":{"line":29,"column":2}},"loc":{"start":{"line":29,"column":13},"end":{"line":36,"column":1}},"line":29},"1":{"name":"(anonymous_1)","decl":{"start":{"line":41,"column":20},"end":{"line":41,"column":21}},"loc":{"start":{"line":41,"column":26},"end":{"line":43,"column":1}},"line":41}},"branchMap":{"0":{"loc":{"start":{"line":15,"column":13},"end":{"line":15,"column":37}},"type":"binary-expr","locations":[{"start":{"line":15,"column":13},"end":{"line":15,"column":29}},{"start":{"line":15,"column":33},"end":{"line":15,"column":37}}],"line":15}},"s":{"0":4,"1":4,"2":4,"3":4,"4":4,"5":4,"6":4,"7":4,"8":4,"9":4,"10":4,"11":4,"12":4,"13":4,"14":4,"15":4,"16":4,"17":4,"18":4,"19":4,"20":4,"21":4,"22":0,"23":4,"24":4,"25":4,"26":4,"27":4},"f":{"0":4,"1":4},"b":{"0":[4,0]},"_coverageSchema":"1a1c01bbd47fc00a2c39e90264f33305004495a9","hash":"40e2273fe7131bb54ae900220c9bbe4e1b1f25bb"}
,"/Users/mariesewell/spring25/cs4600/sessionapp/backend/src/config/config.js": {"path":"/Users/mariesewell/spring25/cs4600/sessionapp/backend/src/config/config.js","statementMap":{"0":{"start":{"line":1,"column":0},"end":{"line":1,"column":27}},"1":{"start":{"line":3,"column":0},"end":{"line":26,"column":2}}},"fnMap":{},"branchMap":{"0":{"loc":{"start":{"line":5,"column":14},"end":{"line":5,"column":43}},"type":"binary-expr","locations":[{"start":{"line":5,"column":14},"end":{"line":5,"column":33}},{"start":{"line":5,"column":37},"end":{"line":5,"column":43}}],"line":5},"1":{"loc":{"start":{"line":6,"column":14},"end":{"line":6,"column":43}},"type":"binary-expr","locations":[{"start":{"line":6,"column":14},"end":{"line":6,"column":33}},{"start":{"line":6,"column":37},"end":{"line":6,"column":43}}],"line":6},"2":{"loc":{"start":{"line":7,"column":14},"end":{"line":7,"column":48}},"type":"binary-expr","locations":[{"start":{"line":7,"column":14},"end":{"line":7,"column":33}},{"start":{"line":7,"column":37},"end":{"line":7,"column":48}}],"line":7},"3":{"loc":{"start":{"line":8,"column":10},"end":{"line":8,"column":44}},"type":"binary-expr","locations":[{"start":{"line":8,"column":10},"end":{"line":8,"column":29}},{"start":{"line":8,"column":33},"end":{"line":8,"column":44}}],"line":8}},"s":{"0":4,"1":4},"f":{},"b":{"0":[4,0],"1":[4,0],"2":[4,0],"3":[4,0]},"_coverageSchema":"1a1c01bbd47fc00a2c39e90264f33305004495a9","hash":"1e1f0f6671b7ecf0f54076768ea469d8ebc21eeb"}
,"/Users/mariesewell/spring25/cs4600/sessionapp/backend/src/config/database.js": {"path":"/Users/mariesewell/spring25/cs4600/sessionapp/backend/src/config/database.js","statementMap":{"0":{"start":{"line":3,"column":0},"end":{"line":3,"column":27}},"1":{"start":{"line":4,"column":22},"end":{"line":4,"column":42}},"2":{"start":{"line":7,"column":18},"end":{"line":15,"column":1}},"3":{"start":{"line":18,"column":18},"end":{"line":26,"column":1}},"4":{"start":{"line":19,"column":4},"end":{"line":25,"column":5}},"5":{"start":{"line":20,"column":8},"end":{"line":20,"column":39}},"6":{"start":{"line":21,"column":8},"end":{"line":21,"column":42}},"7":{"start":{"line":23,"column":8},"end":{"line":23,"column":52}},"8":{"start":{"line":24,"column":8},"end":{"line":24,"column":29}},"9":{"start":{"line":29,"column":0},"end":{"line":29,"column":42}}},"fnMap":{"0":{"name":"(anonymous_0)","decl":{"start":{"line":18,"column":18},"end":{"line":18,"column":19}},"loc":{"start":{"line":18,"column":30},"end":{"line":26,"column":1}},"line":18}},"branchMap":{},"s":{"0":4,"1":4,"2":4,"3":4,"4":4,"5":4,"6":4,"7":0,"8":0,"9":4},"f":{"0":4},"b":{},"_coverageSchema":"1a1c01bbd47fc00a2c39e90264f33305004495a9","hash":"30d63bb2c3e9072ca31adc3e880ed97f8e2b80f5"}
,"/Users/mariesewell/spring25/cs4600/sessionapp/backend/src/middleware/multerConfig.js": {"path":"/Users/mariesewell/spring25/cs4600/sessionapp/backend/src/middleware/multerConfig.js","statementMap":{"0":{"start":{"line":1,"column":15},"end":{"line":1,"column":32}},"1":{"start":{"line":2,"column":11},"end":{"line":2,"column":24}},"2":{"start":{"line":3,"column":13},"end":{"line":3,"column":28}},"3":{"start":{"line":5,"column":18},"end":{"line":5,"column":58}},"4":{"start":{"line":7,"column":0},"end":{"line":9,"column":1}},"5":{"start":{"line":8,"column":4},"end":{"line":8,"column":49}},"6":{"start":{"line":11,"column":16},"end":{"line":18,"column":2}},"7":{"start":{"line":13,"column":8},"end":{"line":13,"column":28}},"8":{"start":{"line":16,"column":8},"end":{"line":16,"column":55}},"9":{"start":{"line":20,"column":15},"end":{"line":23,"column":2}},"10":{"start":{"line":25,"column":0},"end":{"line":25,"column":24}}},"fnMap":{"0":{"name":"(anonymous_0)","decl":{"start":{"line":12,"column":17},"end":{"line":12,"column":18}},"loc":{"start":{"line":12,"column":42},"end":{"line":14,"column":5}},"line":12},"1":{"name":"(anonymous_1)","decl":{"start":{"line":15,"column":14},"end":{"line":15,"column":15}},"loc":{"start":{"line":15,"column":39},"end":{"line":17,"column":5}},"line":15}},"branchMap":{"0":{"loc":{"start":{"line":7,"column":0},"end":{"line":9,"column":1}},"type":"if","locations":[{"start":{"line":7,"column":0},"end":{"line":9,"column":1}},{"start":{},"end":{}}],"line":7}},"s":{"0":4,"1":4,"2":4,"3":4,"4":4,"5":0,"6":4,"7":10,"8":10,"9":4,"10":4},"f":{"0":10,"1":10},"b":{"0":[0,4]},"_coverageSchema":"1a1c01bbd47fc00a2c39e90264f33305004495a9","hash":"b254d2699cbbc4a5de2d78e4d713678609fe9f8b"}
,"/Users/mariesewell/spring25/cs4600/sessionapp/backend/src/models/chord.js": {"path":"/Users/mariesewell/spring25/cs4600/sessionapp/backend/src/models/chord.js","statementMap":{"0":{"start":{"line":4,"column":4},"end":{"line":4,"column":24}},"1":{"start":{"line":5,"column":0},"end":{"line":25,"column":2}},"2":{"start":{"line":14,"column":6},"end":{"line":14,"column":99}},"3":{"start":{"line":17,"column":2},"end":{"line":23,"column":5}},"4":{"start":{"line":24,"column":2},"end":{"line":24,"column":15}}},"fnMap":{"0":{"name":"(anonymous_0)","decl":{"start":{"line":5,"column":17},"end":{"line":5,"column":18}},"loc":{"start":{"line":5,"column":43},"end":{"line":25,"column":1}},"line":5},"1":{"name":"(anonymous_1)","decl":{"start":{"line":12,"column":4},"end":{"line":12,"column":5}},"loc":{"start":{"line":12,"column":29},"end":{"line":15,"column":5}},"line":12}},"branchMap":{},"s":{"0":4,"1":4,"2":4,"3":4,"4":4},"f":{"0":4,"1":4},"b":{},"_coverageSchema":"1a1c01bbd47fc00a2c39e90264f33305004495a9","hash":"d2723bda735b9b32817878c6e74378cd98b4c7f8"}
,"/Users/mariesewell/spring25/cs4600/sessionapp/backend/src/models/chordprogression.js": {"path":"/Users/mariesewell/spring25/cs4600/sessionapp/backend/src/models/chordprogression.js","statementMap":{"0":{"start":{"line":4,"column":4},"end":{"line":4,"column":24}},"1":{"start":{"line":5,"column":0},"end":{"line":32,"column":2}},"2":{"start":{"line":14,"column":6},"end":{"line":14,"column":73}},"3":{"start":{"line":15,"column":6},"end":{"line":15,"column":122}},"4":{"start":{"line":18,"column":2},"end":{"line":30,"column":5}},"5":{"start":{"line":31,"column":2},"end":{"line":31,"column":26}}},"fnMap":{"0":{"name":"(anonymous_0)","decl":{"start":{"line":5,"column":17},"end":{"line":5,"column":18}},"loc":{"start":{"line":5,"column":43},"end":{"line":32,"column":1}},"line":5},"1":{"name":"(anonymous_1)","decl":{"start":{"line":12,"column":4},"end":{"line":12,"column":5}},"loc":{"start":{"line":12,"column":29},"end":{"line":16,"column":5}},"line":12}},"branchMap":{},"s":{"0":4,"1":4,"2":4,"3":4,"4":4,"5":4},"f":{"0":4,"1":4},"b":{},"_coverageSchema":"1a1c01bbd47fc00a2c39e90264f33305004495a9","hash":"49028091e4075e70e839b04c78d8f4320b533f2f"}
,"/Users/mariesewell/spring25/cs4600/sessionapp/backend/src/models/chordprogressionchord.js": {"path":"/Users/mariesewell/spring25/cs4600/sessionapp/backend/src/models/chordprogressionchord.js","statementMap":{"0":{"start":{"line":4,"column":4},"end":{"line":4,"column":24}},"1":{"start":{"line":5,"column":0},"end":{"line":28,"column":2}},"2":{"start":{"line":14,"column":6},"end":{"line":14,"column":103}},"3":{"start":{"line":15,"column":6},"end":{"line":15,"column":80}},"4":{"start":{"line":18,"column":2},"end":{"line":26,"column":5}},"5":{"start":{"line":27,"column":2},"end":{"line":27,"column":31}}},"fnMap":{"0":{"name":"(anonymous_0)","decl":{"start":{"line":5,"column":17},"end":{"line":5,"column":18}},"loc":{"start":{"line":5,"column":43},"end":{"line":28,"column":1}},"line":5},"1":{"name":"(anonymous_1)","decl":{"start":{"line":12,"column":4},"end":{"line":12,"column":5}},"loc":{"start":{"line":12,"column":29},"end":{"line":16,"column":5}},"line":12}},"branchMap":{},"s":{"0":4,"1":4,"2":4,"3":4,"4":4,"5":4},"f":{"0":4,"1":4},"b":{},"_coverageSchema":"1a1c01bbd47fc00a2c39e90264f33305004495a9","hash":"b730cf4528bcc5e8c085eb0da5d8fa40dedd3f3b"}
,"/Users/mariesewell/spring25/cs4600/sessionapp/backend/src/models/index.js": {"path":"/Users/mariesewell/spring25/cs4600/sessionapp/backend/src/models/index.js","statementMap":{"0":{"start":{"line":4,"column":11},"end":{"line":4,"column":24}},"1":{"start":{"line":5,"column":13},"end":{"line":5,"column":28}},"2":{"start":{"line":6,"column":18},"end":{"line":6,"column":38}},"3":{"start":{"line":7,"column":16},"end":{"line":7,"column":34}},"4":{"start":{"line":8,"column":17},"end":{"line":8,"column":42}},"5":{"start":{"line":9,"column":12},"end":{"line":9,"column":49}},"6":{"start":{"line":10,"column":15},"end":{"line":10,"column":63}},"7":{"start":{"line":11,"column":11},"end":{"line":11,"column":13}},"8":{"start":{"line":15,"column":0},"end":{"line":19,"column":1}},"9":{"start":{"line":16,"column":2},"end":{"line":16,"column":74}},"10":{"start":{"line":18,"column":2},"end":{"line":18,"column":87}},"11":{"start":{"line":22,"column":0},"end":{"line":35,"column":5}},"12":{"start":{"line":25,"column":4},"end":{"line":30,"column":6}},"13":{"start":{"line":33,"column":18},"end":{"line":33,"column":85}},"14":{"start":{"line":34,"column":4},"end":{"line":34,"column":27}},"15":{"start":{"line":38,"column":0},"end":{"line":42,"column":3}},"16":{"start":{"line":39,"column":2},"end":{"line":41,"column":3}},"17":{"start":{"line":40,"column":4},"end":{"line":40,"column":32}},"18":{"start":{"line":44,"column":0},"end":{"line":44,"column":25}},"19":{"start":{"line":45,"column":0},"end":{"line":45,"column":25}},"20":{"start":{"line":47,"column":0},"end":{"line":47,"column":20}}},"fnMap":{"0":{"name":"(anonymous_0)","decl":{"start":{"line":24,"column":10},"end":{"line":24,"column":11}},"loc":{"start":{"line":24,"column":18},"end":{"line":31,"column":3}},"line":24},"1":{"name":"(anonymous_1)","decl":{"start":{"line":32,"column":11},"end":{"line":32,"column":12}},"loc":{"start":{"line":32,"column":19},"end":{"line":35,"column":3}},"line":32},"2":{"name":"(anonymous_2)","decl":{"start":{"line":38,"column":24},"end":{"line":38,"column":25}},"loc":{"start":{"line":38,"column":37},"end":{"line":42,"column":1}},"line":38}},"branchMap":{"0":{"loc":{"start":{"line":9,"column":12},"end":{"line":9,"column":49}},"type":"binary-expr","locations":[{"start":{"line":9,"column":12},"end":{"line":9,"column":32}},{"start":{"line":9,"column":36},"end":{"line":9,"column":49}}],"line":9},"1":{"loc":{"start":{"line":15,"column":0},"end":{"line":19,"column":1}},"type":"if","locations":[{"start":{"line":15,"column":0},"end":{"line":19,"column":1}},{"start":{"line":17,"column":7},"end":{"line":19,"column":1}}],"line":15},"2":{"loc":{"start":{"line":26,"column":6},"end":{"line":29,"column":37}},"type":"binary-expr","locations":[{"start":{"line":26,"column":6},"end":{"line":26,"column":29}},{"start":{"line":27,"column":6},"end":{"line":27,"column":23}},{"start":{"line":28,"column":6},"end":{"line":28,"column":30}},{"start":{"line":29,"column":6},"end":{"line":29,"column":37}}],"line":26},"3":{"loc":{"start":{"line":39,"column":2},"end":{"line":41,"column":3}},"type":"if","locations":[{"start":{"line":39,"column":2},"end":{"line":41,"column":3}},{"start":{},"end":{}}],"line":39}},"s":{"0":4,"1":4,"2":4,"3":4,"4":4,"5":4,"6":4,"7":4,"8":4,"9":0,"10":4,"11":4,"12":36,"13":32,"14":32,"15":4,"16":32,"17":32,"18":4,"19":4,"20":4},"f":{"0":36,"1":32,"2":32},"b":{"0":[4,0],"1":[0,4],"2":[36,36,32,32],"3":[32,0]},"_coverageSchema":"1a1c01bbd47fc00a2c39e90264f33305004495a9","hash":"ec5ec1548faef07bcbf86ea7fa50bcf172f5f43b"}
,"/Users/mariesewell/spring25/cs4600/sessionapp/backend/src/models/lyric.js": {"path":"/Users/mariesewell/spring25/cs4600/sessionapp/backend/src/models/lyric.js","statementMap":{"0":{"start":{"line":4,"column":4},"end":{"line":4,"column":24}},"1":{"start":{"line":5,"column":0},"end":{"line":48,"column":2}},"2":{"start":{"line":14,"column":6},"end":{"line":14,"column":83}},"3":{"start":{"line":15,"column":6},"end":{"line":15,"column":89}},"4":{"start":{"line":18,"column":2},"end":{"line":46,"column":5}},"5":{"start":{"line":47,"column":2},"end":{"line":47,"column":15}}},"fnMap":{"0":{"name":"(anonymous_0)","decl":{"start":{"line":5,"column":17},"end":{"line":5,"column":18}},"loc":{"start":{"line":5,"column":43},"end":{"line":48,"column":1}},"line":5},"1":{"name":"(anonymous_1)","decl":{"start":{"line":12,"column":4},"end":{"line":12,"column":5}},"loc":{"start":{"line":12,"column":29},"end":{"line":16,"column":5}},"line":12}},"branchMap":{},"s":{"0":4,"1":4,"2":4,"3":4,"4":4,"5":4},"f":{"0":4,"1":4},"b":{},"_coverageSchema":"1a1c01bbd47fc00a2c39e90264f33305004495a9","hash":"c064644c6a68585a06973b92b3ffd80526c143fc"}
,"/Users/mariesewell/spring25/cs4600/sessionapp/backend/src/models/recording.js": {"path":"/Users/mariesewell/spring25/cs4600/sessionapp/backend/src/models/recording.js","statementMap":{"0":{"start":{"line":4,"column":4},"end":{"line":4,"column":24}},"1":{"start":{"line":5,"column":0},"end":{"line":37,"column":2}},"2":{"start":{"line":14,"column":6},"end":{"line":14,"column":66}},"3":{"start":{"line":15,"column":6},"end":{"line":15,"column":72}},"4":{"start":{"line":18,"column":2},"end":{"line":35,"column":5}},"5":{"start":{"line":36,"column":2},"end":{"line":36,"column":19}}},"fnMap":{"0":{"name":"(anonymous_0)","decl":{"start":{"line":5,"column":17},"end":{"line":5,"column":18}},"loc":{"start":{"line":5,"column":43},"end":{"line":37,"column":1}},"line":5},"1":{"name":"(anonymous_1)","decl":{"start":{"line":12,"column":4},"end":{"line":12,"column":5}},"loc":{"start":{"line":12,"column":29},"end":{"line":16,"column":5}},"line":12}},"branchMap":{},"s":{"0":4,"1":4,"2":4,"3":4,"4":4,"5":4},"f":{"0":4,"1":4},"b":{},"_coverageSchema":"1a1c01bbd47fc00a2c39e90264f33305004495a9","hash":"bb974a467eb67ed30b3cff6ace79de975a06ff97"}
,"/Users/mariesewell/spring25/cs4600/sessionapp/backend/src/models/session.js": {"path":"/Users/mariesewell/spring25/cs4600/sessionapp/backend/src/models/session.js","statementMap":{"0":{"start":{"line":4,"column":4},"end":{"line":4,"column":24}},"1":{"start":{"line":5,"column":0},"end":{"line":32,"column":2}},"2":{"start":{"line":14,"column":6},"end":{"line":14,"column":85}},"3":{"start":{"line":15,"column":6},"end":{"line":15,"column":87}},"4":{"start":{"line":16,"column":6},"end":{"line":16,"column":91}},"5":{"start":{"line":17,"column":6},"end":{"line":17,"column":98}},"6":{"start":{"line":20,"column":2},"end":{"line":30,"column":5}},"7":{"start":{"line":31,"column":2},"end":{"line":31,"column":17}}},"fnMap":{"0":{"name":"(anonymous_0)","decl":{"start":{"line":5,"column":17},"end":{"line":5,"column":18}},"loc":{"start":{"line":5,"column":43},"end":{"line":32,"column":1}},"line":5},"1":{"name":"(anonymous_1)","decl":{"start":{"line":12,"column":4},"end":{"line":12,"column":5}},"loc":{"start":{"line":12,"column":29},"end":{"line":18,"column":5}},"line":12}},"branchMap":{},"s":{"0":4,"1":4,"2":4,"3":4,"4":4,"5":4,"6":4,"7":4},"f":{"0":4,"1":4},"b":{},"_coverageSchema":"1a1c01bbd47fc00a2c39e90264f33305004495a9","hash":"10a7f605d294f2e8073080b59f6e52630cf8f595"}
,"/Users/mariesewell/spring25/cs4600/sessionapp/backend/src/models/sessioncomponent.js": {"path":"/Users/mariesewell/spring25/cs4600/sessionapp/backend/src/models/sessioncomponent.js","statementMap":{"0":{"start":{"line":4,"column":4},"end":{"line":4,"column":24}},"1":{"start":{"line":5,"column":0},"end":{"line":26,"column":2}},"2":{"start":{"line":14,"column":6},"end":{"line":14,"column":79}},"3":{"start":{"line":17,"column":2},"end":{"line":24,"column":5}},"4":{"start":{"line":25,"column":2},"end":{"line":25,"column":26}}},"fnMap":{"0":{"name":"(anonymous_0)","decl":{"start":{"line":5,"column":17},"end":{"line":5,"column":18}},"loc":{"start":{"line":5,"column":43},"end":{"line":26,"column":1}},"line":5},"1":{"name":"(anonymous_1)","decl":{"start":{"line":12,"column":4},"end":{"line":12,"column":5}},"loc":{"start":{"line":12,"column":29},"end":{"line":15,"column":5}},"line":12}},"branchMap":{},"s":{"0":4,"1":4,"2":4,"3":4,"4":4},"f":{"0":4,"1":4},"b":{},"_coverageSchema":"1a1c01bbd47fc00a2c39e90264f33305004495a9","hash":"e6462e90a85eaa7b3a85f4ffdad478b048b20ae6"}
,"/Users/mariesewell/spring25/cs4600/sessionapp/backend/src/models/user.js": {"path":"/Users/mariesewell/spring25/cs4600/sessionapp/backend/src/models/user.js","statementMap":{"0":{"start":{"line":4,"column":4},"end":{"line":4,"column":24}},"1":{"start":{"line":5,"column":0},"end":{"line":29,"column":2}},"2":{"start":{"line":14,"column":6},"end":{"line":14,"column":83}},"3":{"start":{"line":15,"column":6},"end":{"line":15,"column":81}},"4":{"start":{"line":16,"column":6},"end":{"line":16,"column":85}},"5":{"start":{"line":17,"column":6},"end":{"line":17,"column":92}},"6":{"start":{"line":20,"column":2},"end":{"line":27,"column":5}},"7":{"start":{"line":28,"column":2},"end":{"line":28,"column":14}}},"fnMap":{"0":{"name":"(anonymous_0)","decl":{"start":{"line":5,"column":17},"end":{"line":5,"column":18}},"loc":{"start":{"line":5,"column":43},"end":{"line":29,"column":1}},"line":5},"1":{"name":"(anonymous_1)","decl":{"start":{"line":12,"column":4},"end":{"line":12,"column":5}},"loc":{"start":{"line":12,"column":29},"end":{"line":18,"column":5}},"line":12}},"branchMap":{},"s":{"0":4,"1":4,"2":4,"3":4,"4":4,"5":4,"6":4,"7":4},"f":{"0":4,"1":4},"b":{},"_coverageSchema":"1a1c01bbd47fc00a2c39e90264f33305004495a9","hash":"43fa126968451bf116b9cd870369daea849dbd5b"}
,"/Users/mariesewell/spring25/cs4600/sessionapp/backend/src/routes/lyrics.js": {"path":"/Users/mariesewell/spring25/cs4600/sessionapp/backend/src/routes/lyrics.js","statementMap":{"0":{"start":{"line":1,"column":16},"end":{"line":1,"column":34}},"1":{"start":{"line":2,"column":18},"end":{"line":2,"column":38}},"2":{"start":{"line":4,"column":15},"end":{"line":4,"column":31}},"3":{"start":{"line":7,"column":0},"end":{"line":15,"column":2}},"4":{"start":{"line":8,"column":4},"end":{"line":14,"column":5}},"5":{"start":{"line":9,"column":54},"end":{"line":9,"column":62}},"6":{"start":{"line":10,"column":22},"end":{"line":10,"column":81}},"7":{"start":{"line":11,"column":8},"end":{"line":11,"column":36}},"8":{"start":{"line":13,"column":8},"end":{"line":13,"column":53}},"9":{"start":{"line":18,"column":0},"end":{"line":26,"column":2}},"10":{"start":{"line":19,"column":4},"end":{"line":25,"column":5}},"11":{"start":{"line":20,"column":24},"end":{"line":20,"column":42}},"12":{"start":{"line":21,"column":23},"end":{"line":21,"column":66}},"13":{"start":{"line":22,"column":8},"end":{"line":22,"column":37}},"14":{"start":{"line":24,"column":8},"end":{"line":24,"column":53}},"15":{"start":{"line":29,"column":0},"end":{"line":41,"column":2}},"16":{"start":{"line":30,"column":4},"end":{"line":40,"column":5}},"17":{"start":{"line":31,"column":22},"end":{"line":31,"column":38}},"18":{"start":{"line":32,"column":22},"end":{"line":32,"column":63}},"19":{"start":{"line":33,"column":8},"end":{"line":37,"column":9}},"20":{"start":{"line":34,"column":12},"end":{"line":34,"column":40}},"21":{"start":{"line":36,"column":12},"end":{"line":36,"column":65}},"22":{"start":{"line":39,"column":8},"end":{"line":39,"column":53}},"23":{"start":{"line":44,"column":0},"end":{"line":60,"column":2}},"24":{"start":{"line":45,"column":4},"end":{"line":59,"column":5}},"25":{"start":{"line":46,"column":25},"end":{"line":46,"column":44}},"26":{"start":{"line":47,"column":35},"end":{"line":47,"column":43}},"27":{"start":{"line":48,"column":22},"end":{"line":48,"column":52}},"28":{"start":{"line":49,"column":8},"end":{"line":56,"column":9}},"29":{"start":{"line":50,"column":12},"end":{"line":50,"column":32}},"30":{"start":{"line":51,"column":12},"end":{"line":51,"column":36}},"31":{"start":{"line":52,"column":12},"end":{"line":52,"column":31}},"32":{"start":{"line":53,"column":12},"end":{"line":53,"column":40}},"33":{"start":{"line":55,"column":12},"end":{"line":55,"column":65}},"34":{"start":{"line":58,"column":8},"end":{"line":58,"column":53}},"35":{"start":{"line":63,"column":0},"end":{"line":75,"column":2}},"36":{"start":{"line":64,"column":4},"end":{"line":74,"column":5}},"37":{"start":{"line":65,"column":25},"end":{"line":65,"column":44}},"38":{"start":{"line":66,"column":22},"end":{"line":66,"column":70}},"39":{"start":{"line":67,"column":8},"end":{"line":71,"column":9}},"40":{"start":{"line":68,"column":12},"end":{"line":68,"column":76}},"41":{"start":{"line":70,"column":12},"end":{"line":70,"column":65}},"42":{"start":{"line":73,"column":8},"end":{"line":73,"column":53}},"43":{"start":{"line":77,"column":0},"end":{"line":77,"column":24}}},"fnMap":{"0":{"name":"(anonymous_0)","decl":{"start":{"line":7,"column":17},"end":{"line":7,"column":18}},"loc":{"start":{"line":7,"column":37},"end":{"line":15,"column":1}},"line":7},"1":{"name":"(anonymous_1)","decl":{"start":{"line":18,"column":24},"end":{"line":18,"column":25}},"loc":{"start":{"line":18,"column":44},"end":{"line":26,"column":1}},"line":18},"2":{"name":"(anonymous_2)","decl":{"start":{"line":29,"column":28},"end":{"line":29,"column":29}},"loc":{"start":{"line":29,"column":48},"end":{"line":41,"column":1}},"line":29},"3":{"name":"(anonymous_3)","decl":{"start":{"line":44,"column":25},"end":{"line":44,"column":26}},"loc":{"start":{"line":44,"column":45},"end":{"line":60,"column":1}},"line":44},"4":{"name":"(anonymous_4)","decl":{"start":{"line":63,"column":28},"end":{"line":63,"column":29}},"loc":{"start":{"line":63,"column":48},"end":{"line":75,"column":1}},"line":63}},"branchMap":{"0":{"loc":{"start":{"line":33,"column":8},"end":{"line":37,"column":9}},"type":"if","locations":[{"start":{"line":33,"column":8},"end":{"line":37,"column":9}},{"start":{"line":35,"column":15},"end":{"line":37,"column":9}}],"line":33},"1":{"loc":{"start":{"line":49,"column":8},"end":{"line":56,"column":9}},"type":"if","locations":[{"start":{"line":49,"column":8},"end":{"line":56,"column":9}},{"start":{"line":54,"column":15},"end":{"line":56,"column":9}}],"line":49},"2":{"loc":{"start":{"line":67,"column":8},"end":{"line":71,"column":9}},"type":"if","locations":[{"start":{"line":67,"column":8},"end":{"line":71,"column":9}},{"start":{"line":69,"column":15},"end":{"line":71,"column":9}}],"line":67}},"s":{"0":4,"1":4,"2":4,"3":4,"4":5,"5":5,"6":5,"7":5,"8":0,"9":4,"10":1,"11":1,"12":1,"13":1,"14":0,"15":4,"16":1,"17":1,"18":1,"19":1,"20":1,"21":0,"22":0,"23":4,"24":3,"25":3,"26":3,"27":3,"28":3,"29":2,"30":2,"31":2,"32":2,"33":1,"34":0,"35":4,"36":2,"37":2,"38":2,"39":2,"40":1,"41":1,"42":0,"43":4},"f":{"0":5,"1":1,"2":1,"3":3,"4":2},"b":{"0":[1,0],"1":[2,1],"2":[1,1]},"_coverageSchema":"1a1c01bbd47fc00a2c39e90264f33305004495a9","hash":"07a139e1081d91d90de9d09fe53faf7da38e6d33"}
,"/Users/mariesewell/spring25/cs4600/sessionapp/backend/src/routes/recordings.js": {"path":"/Users/mariesewell/spring25/cs4600/sessionapp/backend/src/routes/recordings.js","statementMap":{"0":{"start":{"line":1,"column":16},"end":{"line":1,"column":34}},"1":{"start":{"line":2,"column":11},"end":{"line":2,"column":24}},"2":{"start":{"line":3,"column":13},"end":{"line":3,"column":28}},"3":{"start":{"line":4,"column":22},"end":{"line":4,"column":42}},"4":{"start":{"line":5,"column":15},"end":{"line":5,"column":52}},"5":{"start":{"line":6,"column":15},"end":{"line":6,"column":31}},"6":{"start":{"line":9,"column":0},"end":{"line":32,"column":3}},"7":{"start":{"line":10,"column":4},"end":{"line":31,"column":5}},"8":{"start":{"line":11,"column":8},"end":{"line":13,"column":9}},"9":{"start":{"line":12,"column":12},"end":{"line":12,"column":71}},"10":{"start":{"line":14,"column":8},"end":{"line":16,"column":9}},"11":{"start":{"line":15,"column":12},"end":{"line":15,"column":74}},"12":{"start":{"line":18,"column":50},"end":{"line":18,"column":58}},"13":{"start":{"line":19,"column":25},"end":{"line":19,"column":62}},"14":{"start":{"line":20,"column":8},"end":{"line":20,"column":43}},"15":{"start":{"line":22,"column":29},"end":{"line":27,"column":10}},"16":{"start":{"line":28,"column":8},"end":{"line":28,"column":90}},"17":{"start":{"line":30,"column":8},"end":{"line":30,"column":81}},"18":{"start":{"line":35,"column":0},"end":{"line":44,"column":3}},"19":{"start":{"line":36,"column":4},"end":{"line":43,"column":5}},"20":{"start":{"line":37,"column":26},"end":{"line":37,"column":65}},"21":{"start":{"line":38,"column":8},"end":{"line":38,"column":86}},"22":{"start":{"line":38,"column":24},"end":{"line":38,"column":86}},"23":{"start":{"line":40,"column":8},"end":{"line":40,"column":28}},"24":{"start":{"line":42,"column":8},"end":{"line":42,"column":82}},"25":{"start":{"line":47,"column":0},"end":{"line":54,"column":3}},"26":{"start":{"line":48,"column":4},"end":{"line":53,"column":5}},"27":{"start":{"line":49,"column":27},"end":{"line":49,"column":93}},"28":{"start":{"line":50,"column":8},"end":{"line":50,"column":29}},"29":{"start":{"line":52,"column":8},"end":{"line":52,"column":82}},"30":{"start":{"line":57,"column":0},"end":{"line":64,"column":3}},"31":{"start":{"line":58,"column":4},"end":{"line":63,"column":5}},"32":{"start":{"line":59,"column":27},"end":{"line":59,"column":99}},"33":{"start":{"line":60,"column":8},"end":{"line":60,"column":29}},"34":{"start":{"line":62,"column":8},"end":{"line":62,"column":82}},"35":{"start":{"line":67,"column":0},"end":{"line":91,"column":3}},"36":{"start":{"line":68,"column":4},"end":{"line":90,"column":5}},"37":{"start":{"line":69,"column":26},"end":{"line":69,"column":65}},"38":{"start":{"line":70,"column":8},"end":{"line":70,"column":86}},"39":{"start":{"line":70,"column":24},"end":{"line":70,"column":86}},"40":{"start":{"line":74,"column":25},"end":{"line":74,"column":72}},"41":{"start":{"line":75,"column":8},"end":{"line":84,"column":9}},"42":{"start":{"line":76,"column":12},"end":{"line":81,"column":15}},"43":{"start":{"line":77,"column":16},"end":{"line":80,"column":17}},"44":{"start":{"line":78,"column":20},"end":{"line":78,"column":63}},"45":{"start":{"line":79,"column":20},"end":{"line":79,"column":104}},"46":{"start":{"line":83,"column":12},"end":{"line":83,"column":54}},"47":{"start":{"line":86,"column":8},"end":{"line":86,"column":34}},"48":{"start":{"line":87,"column":8},"end":{"line":87,"column":51}},"49":{"start":{"line":89,"column":8},"end":{"line":89,"column":82}},"50":{"start":{"line":93,"column":0},"end":{"line":93,"column":24}}},"fnMap":{"0":{"name":"(anonymous_0)","decl":{"start":{"line":9,"column":51},"end":{"line":9,"column":52}},"loc":{"start":{"line":9,"column":71},"end":{"line":32,"column":1}},"line":9},"1":{"name":"(anonymous_1)","decl":{"start":{"line":35,"column":19},"end":{"line":35,"column":20}},"loc":{"start":{"line":35,"column":39},"end":{"line":44,"column":1}},"line":35},"2":{"name":"(anonymous_2)","decl":{"start":{"line":47,"column":28},"end":{"line":47,"column":29}},"loc":{"start":{"line":47,"column":48},"end":{"line":54,"column":1}},"line":47},"3":{"name":"(anonymous_3)","decl":{"start":{"line":57,"column":34},"end":{"line":57,"column":35}},"loc":{"start":{"line":57,"column":54},"end":{"line":64,"column":1}},"line":57},"4":{"name":"(anonymous_4)","decl":{"start":{"line":67,"column":22},"end":{"line":67,"column":23}},"loc":{"start":{"line":67,"column":42},"end":{"line":91,"column":1}},"line":67},"5":{"name":"(anonymous_5)","decl":{"start":{"line":76,"column":32},"end":{"line":76,"column":33}},"loc":{"start":{"line":76,"column":41},"end":{"line":81,"column":13}},"line":76}},"branchMap":{"0":{"loc":{"start":{"line":11,"column":8},"end":{"line":13,"column":9}},"type":"if","locations":[{"start":{"line":11,"column":8},"end":{"line":13,"column":9}},{"start":{},"end":{}}],"line":11},"1":{"loc":{"start":{"line":14,"column":8},"end":{"line":16,"column":9}},"type":"if","locations":[{"start":{"line":14,"column":8},"end":{"line":16,"column":9}},{"start":{},"end":{}}],"line":14},"2":{"loc":{"start":{"line":38,"column":8},"end":{"line":38,"column":86}},"type":"if","locations":[{"start":{"line":38,"column":8},"end":{"line":38,"column":86}},{"start":{},"end":{}}],"line":38},"3":{"loc":{"start":{"line":70,"column":8},"end":{"line":70,"column":86}},"type":"if","locations":[{"start":{"line":70,"column":8},"end":{"line":70,"column":86}},{"start":{},"end":{}}],"line":70},"4":{"loc":{"start":{"line":75,"column":8},"end":{"line":84,"column":9}},"type":"if","locations":[{"start":{"line":75,"column":8},"end":{"line":84,"column":9}},{"start":{"line":82,"column":15},"end":{"line":84,"column":9}}],"line":75},"5":{"loc":{"start":{"line":77,"column":16},"end":{"line":80,"column":17}},"type":"if","locations":[{"start":{"line":77,"column":16},"end":{"line":80,"column":17}},{"start":{},"end":{}}],"line":77}},"s":{"0":4,"1":4,"2":4,"3":4,"4":4,"5":4,"6":4,"7":10,"8":10,"9":0,"10":10,"11":1,"12":9,"13":9,"14":9,"15":9,"16":9,"17":0,"18":4,"19":1,"20":1,"21":1,"22":0,"23":1,"24":0,"25":4,"26":1,"27":1,"28":1,"29":0,"30":4,"31":1,"32":1,"33":1,"34":0,"35":4,"36":1,"37":1,"38":1,"39":0,"40":1,"41":1,"42":1,"43":1,"44":0,"45":0,"46":0,"47":1,"48":1,"49":0,"50":4},"f":{"0":10,"1":1,"2":1,"3":1,"4":1,"5":1},"b":{"0":[0,10],"1":[1,9],"2":[0,1],"3":[0,1],"4":[1,0],"5":[0,1]},"_coverageSchema":"1a1c01bbd47fc00a2c39e90264f33305004495a9","hash":"43ee67f28d10fc02cdf954a2b1d3b4ca52e7d37f"}
,"/Users/mariesewell/spring25/cs4600/sessionapp/backend/src/routes/sessions.js": {"path":"/Users/mariesewell/spring25/cs4600/sessionapp/backend/src/routes/sessions.js","statementMap":{"0":{"start":{"line":1,"column":16},"end":{"line":1,"column":34}},"1":{"start":{"line":2,"column":26},"end":{"line":2,"column":46}},"2":{"start":{"line":4,"column":15},"end":{"line":4,"column":31}},"3":{"start":{"line":7,"column":0},"end":{"line":15,"column":2}},"4":{"start":{"line":8,"column":4},"end":{"line":14,"column":5}},"5":{"start":{"line":9,"column":32},"end":{"line":9,"column":40}},"6":{"start":{"line":10,"column":24},"end":{"line":10,"column":63}},"7":{"start":{"line":11,"column":8},"end":{"line":11,"column":38}},"8":{"start":{"line":13,"column":8},"end":{"line":13,"column":53}},"9":{"start":{"line":18,"column":0},"end":{"line":37,"column":2}},"10":{"start":{"line":19,"column":4},"end":{"line":36,"column":5}},"11":{"start":{"line":20,"column":26},"end":{"line":20,"column":39}},"12":{"start":{"line":23,"column":24},"end":{"line":23,"column":57}},"13":{"start":{"line":25,"column":8},"end":{"line":27,"column":9}},"14":{"start":{"line":26,"column":12},"end":{"line":26,"column":74}},"15":{"start":{"line":30,"column":8},"end":{"line":30,"column":32}},"16":{"start":{"line":32,"column":8},"end":{"line":32,"column":62}},"17":{"start":{"line":35,"column":8},"end":{"line":35,"column":53}},"18":{"start":{"line":40,"column":0},"end":{"line":56,"column":2}},"19":{"start":{"line":41,"column":4},"end":{"line":55,"column":5}},"20":{"start":{"line":42,"column":26},"end":{"line":42,"column":39}},"21":{"start":{"line":45,"column":24},"end":{"line":45,"column":57}},"22":{"start":{"line":47,"column":8},"end":{"line":49,"column":9}},"23":{"start":{"line":48,"column":12},"end":{"line":48,"column":74}},"24":{"start":{"line":51,"column":8},"end":{"line":51,"column":26}},"25":{"start":{"line":54,"column":8},"end":{"line":54,"column":53}},"26":{"start":{"line":59,"column":0},"end":{"line":86,"column":2}},"27":{"start":{"line":60,"column":4},"end":{"line":85,"column":5}},"28":{"start":{"line":61,"column":23},"end":{"line":61,"column":40}},"29":{"start":{"line":64,"column":8},"end":{"line":66,"column":9}},"30":{"start":{"line":65,"column":12},"end":{"line":65,"column":76}},"31":{"start":{"line":69,"column":21},"end":{"line":69,"column":48}},"32":{"start":{"line":70,"column":8},"end":{"line":72,"column":9}},"33":{"start":{"line":71,"column":12},"end":{"line":71,"column":71}},"34":{"start":{"line":75,"column":25},"end":{"line":75,"column":78}},"35":{"start":{"line":77,"column":8},"end":{"line":79,"column":9}},"36":{"start":{"line":78,"column":12},"end":{"line":78,"column":75}},"37":{"start":{"line":81,"column":8},"end":{"line":81,"column":27}},"38":{"start":{"line":84,"column":8},"end":{"line":84,"column":53}},"39":{"start":{"line":89,"column":0},"end":{"line":110,"column":2}},"40":{"start":{"line":90,"column":4},"end":{"line":109,"column":5}},"41":{"start":{"line":91,"column":26},"end":{"line":91,"column":39}},"42":{"start":{"line":92,"column":23},"end":{"line":92,"column":31}},"43":{"start":{"line":95,"column":24},"end":{"line":95,"column":57}},"44":{"start":{"line":97,"column":8},"end":{"line":99,"column":9}},"45":{"start":{"line":98,"column":12},"end":{"line":98,"column":74}},"46":{"start":{"line":102,"column":8},"end":{"line":102,"column":28}},"47":{"start":{"line":103,"column":8},"end":{"line":103,"column":29}},"48":{"start":{"line":105,"column":8},"end":{"line":105,"column":26}},"49":{"start":{"line":108,"column":8},"end":{"line":108,"column":53}},"50":{"start":{"line":112,"column":0},"end":{"line":112,"column":24}}},"fnMap":{"0":{"name":"(anonymous_0)","decl":{"start":{"line":7,"column":17},"end":{"line":7,"column":18}},"loc":{"start":{"line":7,"column":37},"end":{"line":15,"column":1}},"line":7},"1":{"name":"(anonymous_1)","decl":{"start":{"line":18,"column":22},"end":{"line":18,"column":23}},"loc":{"start":{"line":18,"column":42},"end":{"line":37,"column":1}},"line":18},"2":{"name":"(anonymous_2)","decl":{"start":{"line":40,"column":19},"end":{"line":40,"column":20}},"loc":{"start":{"line":40,"column":39},"end":{"line":56,"column":1}},"line":40},"3":{"name":"(anonymous_3)","decl":{"start":{"line":59,"column":16},"end":{"line":59,"column":17}},"loc":{"start":{"line":59,"column":36},"end":{"line":86,"column":1}},"line":59},"4":{"name":"(anonymous_4)","decl":{"start":{"line":89,"column":19},"end":{"line":89,"column":20}},"loc":{"start":{"line":89,"column":39},"end":{"line":110,"column":1}},"line":89}},"branchMap":{"0":{"loc":{"start":{"line":25,"column":8},"end":{"line":27,"column":9}},"type":"if","locations":[{"start":{"line":25,"column":8},"end":{"line":27,"column":9}},{"start":{},"end":{}}],"line":25},"1":{"loc":{"start":{"line":47,"column":8},"end":{"line":49,"column":9}},"type":"if","locations":[{"start":{"line":47,"column":8},"end":{"line":49,"column":9}},{"start":{},"end":{}}],"line":47},"2":{"loc":{"start":{"line":64,"column":8},"end":{"line":66,"column":9}},"type":"if","locations":[{"start":{"line":64,"column":8},"end":{"line":66,"column":9}},{"start":{},"end":{}}],"line":64},"3":{"loc":{"start":{"line":70,"column":8},"end":{"line":72,"column":9}},"type":"if","locations":[{"start":{"line":70,"column":8},"end":{"line":72,"column":9}},{"start":{},"end":{}}],"line":70},"4":{"loc":{"start":{"line":77,"column":8},"end":{"line":79,"column":9}},"type":"if","locations":[{"start":{"line":77,"column":8},"end":{"line":79,"column":9}},{"start":{},"end":{}}],"line":77},"5":{"loc":{"start":{"line":97,"column":8},"end":{"line":99,"column":9}},"type":"if","locations":[{"start":{"line":97,"column":8},"end":{"line":99,"column":9}},{"start":{},"end":{}}],"line":97}},"s":{"0":4,"1":4,"2":4,"3":4,"4":4,"5":4,"6":4,"7":3,"8":1,"9":4,"10":2,"11":2,"12":2,"13":2,"14":1,"15":1,"16":1,"17":0,"18":4,"19":2,"20":2,"21":2,"22":2,"23":1,"24":1,"25":0,"26":4,"27":2,"28":2,"29":2,"30":0,"31":2,"32":2,"33":1,"34":1,"35":1,"36":0,"37":1,"38":0,"39":4,"40":2,"41":2,"42":2,"43":2,"44":2,"45":1,"46":1,"47":1,"48":1,"49":0,"50":4},"f":{"0":4,"1":2,"2":2,"3":2,"4":2},"b":{"0":[1,1],"1":[1,1],"2":[0,2],"3":[1,1],"4":[0,1],"5":[1,1]},"_coverageSchema":"1a1c01bbd47fc00a2c39e90264f33305004495a9","hash":"8d415deb615052816e80c283804165806f140ad0"}
,"/Users/mariesewell/spring25/cs4600/sessionapp/backend/src/routes/users.js": {"path":"/Users/mariesewell/spring25/cs4600/sessionapp/backend/src/routes/users.js","statementMap":{"0":{"start":{"line":1,"column":16},"end":{"line":1,"column":34}},"1":{"start":{"line":2,"column":17},"end":{"line":2,"column":37}},"2":{"start":{"line":4,"column":15},"end":{"line":4,"column":31}},"3":{"start":{"line":7,"column":0},"end":{"line":15,"column":2}},"4":{"start":{"line":8,"column":4},"end":{"line":14,"column":5}},"5":{"start":{"line":9,"column":49},"end":{"line":9,"column":57}},"6":{"start":{"line":10,"column":21},"end":{"line":10,"column":74}},"7":{"start":{"line":11,"column":8},"end":{"line":11,"column":35}},"8":{"start":{"line":13,"column":8},"end":{"line":13,"column":53}},"9":{"start":{"line":18,"column":0},"end":{"line":38,"column":2}},"10":{"start":{"line":19,"column":4},"end":{"line":37,"column":5}},"11":{"start":{"line":20,"column":23},"end":{"line":20,"column":36}},"12":{"start":{"line":25,"column":21},"end":{"line":25,"column":48}},"13":{"start":{"line":27,"column":8},"end":{"line":29,"column":9}},"14":{"start":{"line":28,"column":12},"end":{"line":28,"column":71}},"15":{"start":{"line":32,"column":8},"end":{"line":32,"column":29}},"16":{"start":{"line":33,"column":8},"end":{"line":33,"column":71}},"17":{"start":{"line":36,"column":8},"end":{"line":36,"column":53}},"18":{"start":{"line":41,"column":0},"end":{"line":57,"column":2}},"19":{"start":{"line":42,"column":4},"end":{"line":56,"column":5}},"20":{"start":{"line":43,"column":23},"end":{"line":43,"column":36}},"21":{"start":{"line":46,"column":21},"end":{"line":46,"column":48}},"22":{"start":{"line":48,"column":8},"end":{"line":50,"column":9}},"23":{"start":{"line":49,"column":12},"end":{"line":49,"column":71}},"24":{"start":{"line":52,"column":8},"end":{"line":52,"column":23}},"25":{"start":{"line":55,"column":8},"end":{"line":55,"column":53}},"26":{"start":{"line":60,"column":0},"end":{"line":67,"column":2}},"27":{"start":{"line":61,"column":4},"end":{"line":66,"column":5}},"28":{"start":{"line":62,"column":22},"end":{"line":62,"column":42}},"29":{"start":{"line":63,"column":8},"end":{"line":63,"column":24}},"30":{"start":{"line":65,"column":8},"end":{"line":65,"column":53}},"31":{"start":{"line":70,"column":0},"end":{"line":93,"column":2}},"32":{"start":{"line":71,"column":4},"end":{"line":92,"column":5}},"33":{"start":{"line":72,"column":23},"end":{"line":72,"column":36}},"34":{"start":{"line":73,"column":49},"end":{"line":73,"column":57}},"35":{"start":{"line":76,"column":21},"end":{"line":76,"column":48}},"36":{"start":{"line":78,"column":8},"end":{"line":80,"column":9}},"37":{"start":{"line":79,"column":12},"end":{"line":79,"column":71}},"38":{"start":{"line":83,"column":8},"end":{"line":83,"column":33}},"39":{"start":{"line":84,"column":8},"end":{"line":84,"column":27}},"40":{"start":{"line":85,"column":8},"end":{"line":85,"column":43}},"41":{"start":{"line":86,"column":8},"end":{"line":86,"column":26}},"42":{"start":{"line":88,"column":8},"end":{"line":88,"column":23}},"43":{"start":{"line":91,"column":8},"end":{"line":91,"column":53}},"44":{"start":{"line":95,"column":0},"end":{"line":95,"column":24}}},"fnMap":{"0":{"name":"(anonymous_0)","decl":{"start":{"line":7,"column":17},"end":{"line":7,"column":18}},"loc":{"start":{"line":7,"column":37},"end":{"line":15,"column":1}},"line":7},"1":{"name":"(anonymous_1)","decl":{"start":{"line":18,"column":22},"end":{"line":18,"column":23}},"loc":{"start":{"line":18,"column":42},"end":{"line":38,"column":1}},"line":18},"2":{"name":"(anonymous_2)","decl":{"start":{"line":41,"column":19},"end":{"line":41,"column":20}},"loc":{"start":{"line":41,"column":39},"end":{"line":57,"column":1}},"line":41},"3":{"name":"(anonymous_3)","decl":{"start":{"line":60,"column":16},"end":{"line":60,"column":17}},"loc":{"start":{"line":60,"column":36},"end":{"line":67,"column":1}},"line":60},"4":{"name":"(anonymous_4)","decl":{"start":{"line":70,"column":19},"end":{"line":70,"column":20}},"loc":{"start":{"line":70,"column":39},"end":{"line":93,"column":1}},"line":70}},"branchMap":{"0":{"loc":{"start":{"line":27,"column":8},"end":{"line":29,"column":9}},"type":"if","locations":[{"start":{"line":27,"column":8},"end":{"line":29,"column":9}},{"start":{},"end":{}}],"line":27},"1":{"loc":{"start":{"line":48,"column":8},"end":{"line":50,"column":9}},"type":"if","locations":[{"start":{"line":48,"column":8},"end":{"line":50,"column":9}},{"start":{},"end":{}}],"line":48},"2":{"loc":{"start":{"line":78,"column":8},"end":{"line":80,"column":9}},"type":"if","locations":[{"start":{"line":78,"column":8},"end":{"line":80,"column":9}},{"start":{},"end":{}}],"line":78}},"s":{"0":4,"1":4,"2":4,"3":4,"4":1,"5":1,"6":1,"7":1,"8":0,"9":4,"10":1,"11":1,"12":1,"13":1,"14":0,"15":1,"16":1,"17":0,"18":4,"19":1,"20":1,"21":1,"22":1,"23":0,"24":1,"25":0,"26":4,"27":1,"28":1,"29":1,"30":0,"31":4,"32":1,"33":1,"34":1,"35":1,"36":1,"37":0,"38":1,"39":1,"40":1,"41":1,"42":1,"43":0,"44":4},"f":{"0":1,"1":1,"2":1,"3":1,"4":1},"b":{"0":[0,1],"1":[0,1],"2":[0,1]},"_coverageSchema":"1a1c01bbd47fc00a2c39e90264f33305004495a9","hash":"6b0a151d46f72a927baaf8c2fb24e3bc460e9de6"}
}
