TN:
SF:src/server.js
FN:29,(anonymous_0)
FN:41,(anonymous_1)
FNF:2
FNH:2
FNDA:4,(anonymous_0)
FNDA:4,(anonymous_1)
DA:1,4
DA:2,4
DA:3,4
DA:4,4
DA:6,4
DA:8,4
DA:9,4
DA:10,4
DA:11,4
DA:12,4
DA:14,4
DA:15,4
DA:18,4
DA:22,4
DA:23,4
DA:24,4
DA:25,4
DA:26,4
DA:29,4
DA:30,4
DA:31,4
DA:32,4
DA:34,0
DA:38,4
DA:39,4
DA:41,4
DA:42,4
DA:45,4
LF:28
LH:27
BRDA:15,0,0,4
BRDA:15,0,1,0
BRF:2
BRH:1
end_of_record
TN:
SF:src/config/config.js
FNF:0
FNH:0
DA:1,4
DA:3,4
LF:2
LH:2
BRDA:5,0,0,4
BRDA:5,0,1,0
BRDA:6,1,0,4
BRDA:6,1,1,0
BRDA:7,2,0,4
BRDA:7,2,1,0
BRDA:8,3,0,4
BRDA:8,3,1,0
BRF:8
BRH:4
end_of_record
TN:
SF:src/config/database.js
FN:18,(anonymous_0)
FNF:1
FNH:1
FNDA:4,(anonymous_0)
DA:3,4
DA:4,4
DA:7,4
DA:18,4
DA:19,4
DA:20,4
DA:21,4
DA:23,0
DA:24,0
DA:29,4
LF:10
LH:8
BRF:0
BRH:0
end_of_record
TN:
SF:src/middleware/multerConfig.js
FN:12,(anonymous_0)
FN:15,(anonymous_1)
FNF:2
FNH:2
FNDA:10,(anonymous_0)
FNDA:10,(anonymous_1)
DA:1,4
DA:2,4
DA:3,4
DA:5,4
DA:7,4
DA:8,0
DA:11,4
DA:13,10
DA:16,10
DA:20,4
DA:25,4
LF:11
LH:10
BRDA:7,0,0,0
BRDA:7,0,1,4
BRF:2
BRH:1
end_of_record
TN:
SF:src/models/chord.js
FN:5,(anonymous_0)
FN:12,(anonymous_1)
FNF:2
FNH:2
FNDA:4,(anonymous_0)
FNDA:4,(anonymous_1)
DA:4,4
DA:5,4
DA:14,4
DA:17,4
DA:24,4
LF:5
LH:5
BRF:0
BRH:0
end_of_record
TN:
SF:src/models/chordprogression.js
FN:5,(anonymous_0)
FN:12,(anonymous_1)
FNF:2
FNH:2
FNDA:4,(anonymous_0)
FNDA:4,(anonymous_1)
DA:4,4
DA:5,4
DA:14,4
DA:15,4
DA:18,4
DA:31,4
LF:6
LH:6
BRF:0
BRH:0
end_of_record
TN:
SF:src/models/chordprogressionchord.js
FN:5,(anonymous_0)
FN:12,(anonymous_1)
FNF:2
FNH:2
FNDA:4,(anonymous_0)
FNDA:4,(anonymous_1)
DA:4,4
DA:5,4
DA:14,4
DA:15,4
DA:18,4
DA:27,4
LF:6
LH:6
BRF:0
BRH:0
end_of_record
TN:
SF:src/models/index.js
FN:24,(anonymous_0)
FN:32,(anonymous_1)
FN:38,(anonymous_2)
FNF:3
FNH:3
FNDA:36,(anonymous_0)
FNDA:32,(anonymous_1)
FNDA:32,(anonymous_2)
DA:4,4
DA:5,4
DA:6,4
DA:7,4
DA:8,4
DA:9,4
DA:10,4
DA:11,4
DA:15,4
DA:16,0
DA:18,4
DA:22,4
DA:25,36
DA:33,32
DA:34,32
DA:38,4
DA:39,32
DA:40,32
DA:44,4
DA:45,4
DA:47,4
LF:21
LH:20
BRDA:9,0,0,4
BRDA:9,0,1,0
BRDA:15,1,0,0
BRDA:15,1,1,4
BRDA:26,2,0,36
BRDA:26,2,1,36
BRDA:26,2,2,32
BRDA:26,2,3,32
BRDA:39,3,0,32
BRDA:39,3,1,0
BRF:10
BRH:7
end_of_record
TN:
SF:src/models/lyric.js
FN:5,(anonymous_0)
FN:12,(anonymous_1)
FNF:2
FNH:2
FNDA:4,(anonymous_0)
FNDA:4,(anonymous_1)
DA:4,4
DA:5,4
DA:14,4
DA:15,4
DA:18,4
DA:47,4
LF:6
LH:6
BRF:0
BRH:0
end_of_record
TN:
SF:src/models/recording.js
FN:5,(anonymous_0)
FN:12,(anonymous_1)
FNF:2
FNH:2
FNDA:4,(anonymous_0)
FNDA:4,(anonymous_1)
DA:4,4
DA:5,4
DA:14,4
DA:15,4
DA:18,4
DA:36,4
LF:6
LH:6
BRF:0
BRH:0
end_of_record
TN:
SF:src/models/session.js
FN:5,(anonymous_0)
FN:12,(anonymous_1)
FNF:2
FNH:2
FNDA:4,(anonymous_0)
FNDA:4,(anonymous_1)
DA:4,4
DA:5,4
DA:14,4
DA:15,4
DA:16,4
DA:17,4
DA:20,4
DA:31,4
LF:8
LH:8
BRF:0
BRH:0
end_of_record
TN:
SF:src/models/sessioncomponent.js
FN:5,(anonymous_0)
FN:12,(anonymous_1)
FNF:2
FNH:2
FNDA:4,(anonymous_0)
FNDA:4,(anonymous_1)
DA:4,4
DA:5,4
DA:14,4
DA:17,4
DA:25,4
LF:5
LH:5
BRF:0
BRH:0
end_of_record
TN:
SF:src/models/user.js
FN:5,(anonymous_0)
FN:12,(anonymous_1)
FNF:2
FNH:2
FNDA:4,(anonymous_0)
FNDA:4,(anonymous_1)
DA:4,4
DA:5,4
DA:14,4
DA:15,4
DA:16,4
DA:17,4
DA:20,4
DA:28,4
LF:8
LH:8
BRF:0
BRH:0
end_of_record
TN:
SF:src/routes/lyrics.js
FN:7,(anonymous_0)
FN:18,(anonymous_1)
FN:29,(anonymous_2)
FN:44,(anonymous_3)
FN:63,(anonymous_4)
FNF:5
FNH:5
FNDA:5,(anonymous_0)
FNDA:1,(anonymous_1)
FNDA:1,(anonymous_2)
FNDA:3,(anonymous_3)
FNDA:2,(anonymous_4)
DA:1,4
DA:2,4
DA:4,4
DA:7,4
DA:8,5
DA:9,5
DA:10,5
DA:11,5
DA:13,0
DA:18,4
DA:19,1
DA:20,1
DA:21,1
DA:22,1
DA:24,0
DA:29,4
DA:30,1
DA:31,1
DA:32,1
DA:33,1
DA:34,1
DA:36,0
DA:39,0
DA:44,4
DA:45,3
DA:46,3
DA:47,3
DA:48,3
DA:49,3
DA:50,2
DA:51,2
DA:52,2
DA:53,2
DA:55,1
DA:58,0
DA:63,4
DA:64,2
DA:65,2
DA:66,2
DA:67,2
DA:68,1
DA:70,1
DA:73,0
DA:77,4
LF:44
LH:38
BRDA:33,0,0,1
BRDA:33,0,1,0
BRDA:49,1,0,2
BRDA:49,1,1,1
BRDA:67,2,0,1
BRDA:67,2,1,1
BRF:6
BRH:5
end_of_record
TN:
SF:src/routes/recordings.js
FN:9,(anonymous_0)
FN:35,(anonymous_1)
FN:47,(anonymous_2)
FN:57,(anonymous_3)
FN:67,(anonymous_4)
FN:76,(anonymous_5)
FNF:6
FNH:6
FNDA:10,(anonymous_0)
FNDA:1,(anonymous_1)
FNDA:1,(anonymous_2)
FNDA:1,(anonymous_3)
FNDA:1,(anonymous_4)
FNDA:1,(anonymous_5)
DA:1,4
DA:2,4
DA:3,4
DA:4,4
DA:5,4
DA:6,4
DA:9,4
DA:10,10
DA:11,10
DA:12,0
DA:14,10
DA:15,1
DA:18,9
DA:19,9
DA:20,9
DA:22,9
DA:28,9
DA:30,0
DA:35,4
DA:36,1
DA:37,1
DA:38,1
DA:40,1
DA:42,0
DA:47,4
DA:48,1
DA:49,1
DA:50,1
DA:52,0
DA:57,4
DA:58,1
DA:59,1
DA:60,1
DA:62,0
DA:67,4
DA:68,1
DA:69,1
DA:70,1
DA:74,1
DA:75,1
DA:76,1
DA:77,1
DA:78,0
DA:79,0
DA:83,0
DA:86,1
DA:87,1
DA:89,0
DA:93,4
LF:49
LH:40
BRDA:11,0,0,0
BRDA:11,0,1,10
BRDA:14,1,0,1
BRDA:14,1,1,9
BRDA:38,2,0,0
BRDA:38,2,1,1
BRDA:70,3,0,0
BRDA:70,3,1,1
BRDA:75,4,0,1
BRDA:75,4,1,0
BRDA:77,5,0,0
BRDA:77,5,1,1
BRF:12
BRH:7
end_of_record
TN:
SF:src/routes/sessions.js
FN:7,(anonymous_0)
FN:18,(anonymous_1)
FN:40,(anonymous_2)
FN:59,(anonymous_3)
FN:89,(anonymous_4)
FNF:5
FNH:5
FNDA:4,(anonymous_0)
FNDA:2,(anonymous_1)
FNDA:2,(anonymous_2)
FNDA:2,(anonymous_3)
FNDA:2,(anonymous_4)
DA:1,4
DA:2,4
DA:4,4
DA:7,4
DA:8,4
DA:9,4
DA:10,4
DA:11,3
DA:13,1
DA:18,4
DA:19,2
DA:20,2
DA:23,2
DA:25,2
DA:26,1
DA:30,1
DA:32,1
DA:35,0
DA:40,4
DA:41,2
DA:42,2
DA:45,2
DA:47,2
DA:48,1
DA:51,1
DA:54,0
DA:59,4
DA:60,2
DA:61,2
DA:64,2
DA:65,0
DA:69,2
DA:70,2
DA:71,1
DA:75,1
DA:77,1
DA:78,0
DA:81,1
DA:84,0
DA:89,4
DA:90,2
DA:91,2
DA:92,2
DA:95,2
DA:97,2
DA:98,1
DA:102,1
DA:103,1
DA:105,1
DA:108,0
DA:112,4
LF:51
LH:45
BRDA:25,0,0,1
BRDA:25,0,1,1
BRDA:47,1,0,1
BRDA:47,1,1,1
BRDA:64,2,0,0
BRDA:64,2,1,2
BRDA:70,3,0,1
BRDA:70,3,1,1
BRDA:77,4,0,0
BRDA:77,4,1,1
BRDA:97,5,0,1
BRDA:97,5,1,1
BRF:12
BRH:10
end_of_record
TN:
SF:src/routes/users.js
FN:7,(anonymous_0)
FN:18,(anonymous_1)
FN:41,(anonymous_2)
FN:60,(anonymous_3)
FN:70,(anonymous_4)
FNF:5
FNH:5
FNDA:1,(anonymous_0)
FNDA:1,(anonymous_1)
FNDA:1,(anonymous_2)
FNDA:1,(anonymous_3)
FNDA:1,(anonymous_4)
DA:1,4
DA:2,4
DA:4,4
DA:7,4
DA:8,1
DA:9,1
DA:10,1
DA:11,1
DA:13,0
DA:18,4
DA:19,1
DA:20,1
DA:25,1
DA:27,1
DA:28,0
DA:32,1
DA:33,1
DA:36,0
DA:41,4
DA:42,1
DA:43,1
DA:46,1
DA:48,1
DA:49,0
DA:52,1
DA:55,0
DA:60,4
DA:61,1
DA:62,1
DA:63,1
DA:65,0
DA:70,4
DA:71,1
DA:72,1
DA:73,1
DA:76,1
DA:78,1
DA:79,0
DA:83,1
DA:84,1
DA:85,1
DA:86,1
DA:88,1
DA:91,0
DA:95,4
LF:45
LH:37
BRDA:27,0,0,0
BRDA:27,0,1,1
BRDA:48,1,0,0
BRDA:48,1,1,1
BRDA:78,2,0,0
BRDA:78,2,1,1
BRF:6
BRH:3
end_of_record
